<?xml version="1.0" encoding="UTF-8"?>
<!-- Generated by org.testng.reporters.JUnitXMLReporter -->
<testsuite ignored="0" hostname="LAPTOP-73S0TF9M" failures="1" tests="1" name="Test" time="12.375" errors="0" timestamp="2024-08-22T23:57:50 IST">
  <testcase classname="io.cucumber.testng.AbstractTestNGCucumberTests" name="runScenario" time="11.042">
    <failure type="org.junit.ComparisonFailure" message="expected:&amp;lt;81[7]&amp;gt; but was:&amp;lt;81[6]&amp;gt;">
      <![CDATA[org.junit.ComparisonFailure: expected:<81[7]> but was:<81[6]>
at org.junit.Assert.assertEquals(Assert.java:115)
at org.junit.Assert.assertEquals(Assert.java:144)
at com.StepDefinitions.FitepeoSteps.the_bottom_text_field_value_should_be_updated_to(FitepeoSteps.java:73)
at ✽.the bottom text field value should be updated to "816"(file:///C:/Users/91801/Dropbox/My%20PC%20(LAPTOP-73S0TF9M)/Desktop/javaprograms/FitPeoProject/src/test/resources/Features/Fitpeo.feature:9)
]]>
    </failure>
  </testcase> <!-- runScenario -->
</testsuite> <!-- Test -->
