<?xml version="1.0" encoding="UTF-8"?>
<testng-results ignored="0" total="1" passed="1" failed="0" skipped="0">
  <reporter-output>
  </reporter-output>
  <suite started-at="2024-08-22T23:35:53 IST" name="Suite" finished-at="2024-08-22T23:36:07 IST" duration-ms="13612">
    <groups>
      <group name="cucumber">
        <method signature="AbstractTestNGCucumberTests.runScenario(io.cucumber.testng.PickleWrapper,io.cucumber.testng.FeatureWrapper)[pri:0, instance:com.TestRunner.TestNgCucumberRunner@1ddf84b8]" name="runScenario" class="io.cucumber.testng.AbstractTestNGCucumberTests"/>
      </group> <!-- cucumber -->
    </groups>
    <test started-at="2024-08-22T23:35:53 IST" name="Test" finished-at="2024-08-22T23:36:07 IST" duration-ms="13612">
      <class name="com.TestRunner.TestNgCucumberRunner">
        <test-method is-config="true" signature="setUpClass(org.testng.ITestContext)[pri:0, instance:com.TestRunner.TestNgCucumberRunner@1ddf84b8]" started-at="2024-08-22T23:35:53 IST" name="setUpClass" finished-at="2024-08-22T23:35:54 IST" duration-ms="744" status="PASS">
          <params>
            <param index="0">
              <value>
                <![CDATA[org.testng.TestRunner@3382f8ae]]>
              </value>
            </param>
          </params>
          <reporter-output>
          </reporter-output>
        </test-method> <!-- setUpClass -->
        <test-method signature="runScenario(io.cucumber.testng.PickleWrapper,io.cucumber.testng.FeatureWrapper)[pri:0, instance:com.TestRunner.TestNgCucumberRunner@1ddf84b8]" started-at="2024-08-22T23:35:54 IST" name="runScenario" description="Runs Cucumber Scenarios" data-provider="scenarios" finished-at="2024-08-22T23:36:07 IST" duration-ms="12750" status="PASS">
          <params>
            <param index="0">
              <value>
                <![CDATA["Validate the Total Recurring Reimbrushment using Fitpeo Revenue Calculator"]]>
              </value>
            </param>
            <param index="1">
              <value>
                <![CDATA["FitPeo Revenue Calculator"]]>
              </value>
            </param>
          </params>
          <reporter-output>
          </reporter-output>
        </test-method> <!-- runScenario -->
        <test-method is-config="true" signature="tearDownClass()[pri:0, instance:com.TestRunner.TestNgCucumberRunner@1ddf84b8]" started-at="2024-08-22T23:36:07 IST" name="tearDownClass" finished-at="2024-08-22T23:36:07 IST" duration-ms="63" status="PASS">
          <reporter-output>
          </reporter-output>
        </test-method> <!-- tearDownClass -->
      </class> <!-- com.TestRunner.TestNgCucumberRunner -->
    </test> <!-- Test -->
  </suite> <!-- Suite -->
</testng-results>
