<?xml version="1.0" encoding="UTF-8"?>
<testsuite xmlns:xsi="http://www.w3.org/2001/XMLSchema-instance" xsi:noNamespaceSchemaLocation="https://maven.apache.org/surefire/maven-surefire-plugin/xsd/surefire-test-report-3.0.xsd" version="3.0" name="TestSuite" time="10.891" tests="1" errors="0" skipped="0" failures="0">
  <properties>
[...]
</properties>
  <testcase name="runScenario[&quot;Validate the Total Recurring Reimbrushment using Fitpeo Revenue Calculator&quot;, &quot;FitPeo Revenue Calculator&quot;](1)" classname="com.TestRunner.TestNgCucumberRunner" time="9.735">
    <system-out><![CDATA[
@test
Scenario: Validate the Total Recurring Reimbrushment using Fitpeo Revenue Calculator       # src/test/resources/Features/Fitpeo.feature:4
  Given Launch the web browser and navigate to FitPeo Homepage                             # com.StepDefinitions.FitepeoSteps.launch_the_web_browser_and_navigate_to_fit_peo_homepage()
  When I navigate to the Revenue Calculator Page                                           # com.StepDefinitions.FitepeoSteps.i_navigate_to_the_revenue_calculator_page()
  And I scroll down to the slider section                                                  # com.StepDefinitions.FitepeoSteps.i_scroll_down_to_the_slider_section()
  And I adjust the slider to set its value to 816                                          # com.StepDefinitions.FitepeoSteps.i_adjust_the_slider_to_set_its_value_to(int)
  Then the bottom text field value should be updated to "816"                              # com.StepDefinitions.FitepeoSteps.the_bottom_text_field_value_should_be_updated_to(java.lang.String)
  When I update the bottom text field to "560"                                             # com.StepDefinitions.FitepeoSteps.i_update_the_bottom_text_field_to(java.lang.String)
  Then the slider position should be updated to the text field value "560"                 # com.StepDefinitions.FitepeoSteps.the_slider_position_should_be_updated_to_the_text_field_value(java.lang.String)
  When I scroll down and select the checkboxes for all CPT codes "99091,99453,99454,99474" # com.StepDefinitions.FitepeoSteps.i_scroll_down_and_select_the_checkboxes_for_all_cpt_codes(java.lang.String)
  Then the Total Recurring Reimbursement should show the value Dollars: "$75600"           # com.StepDefinitions.FitepeoSteps.the_total_recurring_reimbursement_should_show_the_value_dollars(java.lang.String)
]]></system-out>
    <system-err><![CDATA[SLF4J(W): No SLF4J providers were found.
SLF4J(W): Defaulting to no-operation (NOP) logger implementation
SLF4J(W): See https://www.slf4j.org/codes.html#noProviders for further details.
Aug 03, 2024 8:34:09 PM org.openqa.selenium.devtools.CdpVersionFinder findNearestMatch
WARNING: Unable to find an exact match for CDP version 127, returning the closest version; found: 126; Please update to a Selenium version that supports CDP version 127
]]></system-err>
  </testcase>
</testsuite>