<?xml version="1.0" encoding="UTF-8"?>
<testng-results ignored="0" total="1" passed="1" failed="0" skipped="0">
  <reporter-output>
  </reporter-output>
  <suite started-at="2024-08-23T00:05:15 IST" name="Default suite" finished-at="2024-08-23T00:05:32 IST" duration-ms="17469">
    <groups>
      <group name="cucumber">
        <method signature="AbstractTestNGCucumberTests.runScenario(io.cucumber.testng.PickleWrapper,io.cucumber.testng.FeatureWrapper)[pri:0, instance:com.TestRunner.TestNgCucumberRunner@1a942c18]" name="runScenario" class="io.cucumber.testng.AbstractTestNGCucumberTests"/>
      </group> <!-- cucumber -->
    </groups>
    <test started-at="2024-08-23T00:05:15 IST" name="Default test" finished-at="2024-08-23T00:05:32 IST" duration-ms="17469">
      <class name="com.TestRunner.TestNgCucumberRunner">
        <test-method is-config="true" signature="setUpClass(org.testng.ITestContext)[pri:0, instance:com.TestRunner.TestNgCucumberRunner@1a942c18]" started-at="2024-08-23T00:05:15 IST" name="setUpClass" finished-at="2024-08-23T00:05:16 IST" duration-ms="841" status="PASS">
          <params>
            <param index="0">
              <value>
                <![CDATA[org.testng.TestRunner@24f43aa3]]>
              </value>
            </param>
          </params>
          <reporter-output>
          </reporter-output>
        </test-method> <!-- setUpClass -->
        <test-method signature="runScenario(io.cucumber.testng.PickleWrapper,io.cucumber.testng.FeatureWrapper)[pri:0, instance:com.TestRunner.TestNgCucumberRunner@1a942c18]" started-at="2024-08-23T00:05:16 IST" name="runScenario" description="Runs Cucumber Scenarios" data-provider="scenarios" finished-at="2024-08-23T00:05:32 IST" duration-ms="16533" status="PASS">
          <params>
            <param index="0">
              <value>
                <![CDATA["Validate the Total Recurring Reimbrushment using Fitpeo Revenue Calculator"]]>
              </value>
            </param>
            <param index="1">
              <value>
                <![CDATA["FitPeo Revenue Calculator"]]>
              </value>
            </param>
          </params>
          <reporter-output>
          </reporter-output>
        </test-method> <!-- runScenario -->
        <test-method is-config="true" signature="tearDownClass()[pri:0, instance:com.TestRunner.TestNgCucumberRunner@1a942c18]" started-at="2024-08-23T00:05:32 IST" name="tearDownClass" finished-at="2024-08-23T00:05:32 IST" duration-ms="41" status="PASS">
          <reporter-output>
          </reporter-output>
        </test-method> <!-- tearDownClass -->
      </class> <!-- com.TestRunner.TestNgCucumberRunner -->
    </test> <!-- Default test -->
  </suite> <!-- Default suite -->
</testng-results>
